{"numTotalTestSuites":41,"numPassedTestSuites":41,"numFailedTestSuites":0,"numPendingTestSuites":0,"numTotalTests":138,"numPassedTests":138,"numFailedTests":0,"numPendingTests":0,"numTodoTests":0,"snapshot":{"added":0,"failure":false,"filesAdded":0,"filesRemoved":0,"filesRemovedList":[],"filesUnmatched":0,"filesUpdated":0,"matched":0,"total":0,"unchecked":0,"uncheckedKeysByFile":[],"unmatched":0,"updated":0,"didUpdate":false},"startTime":1788011891515,"success":true,"testResults":[{"assertionResults":[{"ancestorTitles":["API — health and seed (V4 §40, §50)"],"fullName":"API — health and seed (V4 §40, §50) reports env presence without ever exposing a secret","status":"passed","title":"reports env presence without ever exposing a secret","duration":45.12930000000006,"failureMessages":[],"meta":{}},{"ancestorTitles":["API — health and seed (V4 §40, §50)"],"fullName":"API — health and seed (V4 §40, §50) seeds exactly the counts V4 §40 requires","status":"passed","title":"seeds exactly the counts V4 §40 requires","duration":6.86850000000004,"failureMessages":[],"meta":{}},{"ancestorTitles":["API — matching (V4 §22, V5 §3)"],"fullName":"API — matching (V4 §22, V5 §3) returns the three V5 §27 buckets","status":"passed","title":"returns the three V5 §27 buckets","duration":9.95399999999995,"failureMessages":[],"meta":{}},{"ancestorTitles":["API — matching (V4 §22, V5 §3)"],"fullName":"API — matching (V4 §22, V5 §3) every candidate carries both the base and the distance-adjusted score (V5 §24)","status":"passed","title":"every candidate carries both the base and the distance-adjusted score (V5 §24)","duration":6.832199999999943,"failureMessages":[],"meta":{}},{"ancestorTitles":["API — matching (V4 §22, V5 §3)"],"fullName":"API — matching (V4 §22, V5 §3) persists the run with feature values and versions (V4 §20)","status":"passed","title":"persists the run with feature values and versions (V4 §20)","duration":8.666299999999978,"failureMessages":[],"meta":{}},{"ancestorTitles":["API — matching (V4 §22, V5 §3)"],"fullName":"API — matching (V4 §22, V5 §3) surfaces the exceptional far match separately, never as normal rank 1 (V5 §19)","status":"passed","title":"surfaces the exceptional far match separately, never as normal rank 1 (V5 §19)","duration":5.2549999999999955,"failureMessages":[],"meta":{}},{"ancestorTitles":["API — matching (V4 §22, V5 §3)"],"fullName":"API — matching (V4 §22, V5 §3) a far caregiver who has not opted in is never shown (V5 §26 case 2)","status":"passed","title":"a far caregiver who has not opted in is never shown (V5 §26 case 2)","duration":4.02069999999992,"failureMessages":[],"meta":{}},{"ancestorTitles":["API — matching (V4 §22, V5 §3)"],"fullName":"API — matching (V4 §22, V5 §3) the debug endpoint explains every filter and bucket (V5 §28)","status":"passed","title":"the debug endpoint explains every filter and bucket (V5 §28)","duration":6.152500000000032,"failureMessages":[],"meta":{}},{"ancestorTitles":["API — caregiver job discovery (V4 §23, V5 §4, §17)"],"fullName":"API — caregiver job discovery (V4 §23, V5 §4, §17) returns ranked jobs with a privacy-safe summary only","status":"passed","title":"returns ranked jobs with a privacy-safe summary only","duration":5.526599999999917,"failureMessages":[],"meta":{}},{"ancestorTitles":["API — caregiver job discovery (V4 §23, V5 §4, §17)"],"fullName":"API — caregiver job discovery (V4 §23, V5 §4, §17) hides a PRIVATE request until a direct invitation exists (V5 §17)","status":"passed","title":"hides a PRIVATE request until a direct invitation exists (V5 §17)","duration":3.7105000000000246,"failureMessages":[],"meta":{}},{"ancestorTitles":["API — caregiver job discovery (V4 §23, V5 §4, §17)"],"fullName":"API — caregiver job discovery (V4 §23, V5 §4, §17) scores a pair identically from both directions (V5 §1)","status":"passed","title":"scores a pair identically from both directions (V5 §1)","duration":8.162000000000035,"failureMessages":[],"meta":{}},{"ancestorTitles":["API — care plan gate (V4 §25)"],"fullName":"API — care plan gate (V4 §25) blocks a job request until a care plan is confirmed, with the specified message","status":"passed","title":"blocks a job request until a care plan is confirmed, with the specified message","duration":9.799900000000093,"failureMessages":[],"meta":{}},{"ancestorTitles":["API — care plan gate (V4 §25)"],"fullName":"API — care plan gate (V4 §25) a DRAFT plan does not open the gate; only CONFIRMED does","status":"passed","title":"a DRAFT plan does not open the gate; only CONFIRMED does","duration":9.569299999999998,"failureMessages":[],"meta":{}},{"ancestorTitles":["API — chat gate (V4 §24)"],"fullName":"API — chat gate (V4 §24) a thread cannot be posted to before a mutual match","status":"passed","title":"a thread cannot be posted to before a mutual match","duration":3.0728000000000293,"failureMessages":[],"meta":{}},{"ancestorTitles":["API — trust (V4 §34, V6 F01/F02)"],"fullName":"API — trust (V4 §34, V6 F01/F02) an unconfirmed incident leaves the score untouched","status":"passed","title":"an unconfirmed incident leaves the score untouched","duration":9.551600000000008,"failureMessages":[],"meta":{}},{"ancestorTitles":["API — trust (V4 §34, V6 F01/F02)"],"fullName":"API — trust (V4 §34, V6 F01/F02) confirming an incident against the caregiver does lower the score","status":"passed","title":"confirming an incident against the caregiver does lower the score","duration":7.5172000000000025,"failureMessages":[],"meta":{}},{"ancestorTitles":["API — trust (V4 §34, V6 F01/F02)"],"fullName":"API — trust (V4 §34, V6 F01/F02) confirming an incident that is not the caregiver's fault does not","status":"passed","title":"confirming an incident that is not the caregiver's fault does not","duration":8.894599999999969,"failureMessages":[],"meta":{}},{"ancestorTitles":["API — AI routes degrade honestly when the model is unavailable (V4 §52)"],"fullName":"API — AI routes degrade honestly when the model is unavailable (V4 §52) never reports success for a call it could not make","status":"passed","title":"never reports success for a call it could not make","duration":2187.0746,"failureMessages":[],"meta":{}},{"ancestorTitles":["E2E — family-initiated journey (V5 §15, 30 steps)"],"fullName":"E2E — family-initiated journey (V5 §15, 30 steps) runs matching → mutual match → plan gate → request → accept → chat → service → report → review → trust","status":"passed","title":"runs matching → mutual match → plan gate → request → accept → chat → service → report → review → trust","duration":2329.2366,"failureMessages":[],"meta":{}},{"ancestorTitles":["E2E — caregiver-initiated journey (V5 §16)"],"fullName":"E2E — caregiver-initiated journey (V5 §16) caregiver discovers an open job, family reciprocates, mutual match follows","status":"passed","title":"caregiver discovers an open job, family reciprocates, mutual match follows","duration":47.84850000000006,"failureMessages":[],"meta":{}},{"ancestorTitles":["E2E — exceptional far match requires consent on both sides (V5 §23, §26)"],"fullName":"E2E — exceptional far match requires consent on both sides (V5 §23, §26) a far caregiver must accept the distance before the match is valid","status":"passed","title":"a far caregiver must accept the distance before the match is valid","duration":28.143699999999626,"failureMessages":[],"meta":{}},{"ancestorTitles":["E2E — exceptional far match requires consent on both sides (V5 §23, §26)"],"fullName":"E2E — exceptional far match requires consent on both sides (V5 §23, §26) accommodation must be agreed before an exceptional booking completes (V5 §26 case 8)","status":"passed","title":"accommodation must be agreed before an exceptional booking completes (V5 §26 case 8)","duration":41.94279999999981,"failureMessages":[],"meta":{}},{"ancestorTitles":["E2E — monitoring rules are deterministic and AI-free (V4 §31, §44)"],"fullName":"E2E — monitoring rules are deterministic and AI-free (V4 §31, §44) SOS escalates straight to HIGH_RISK","status":"passed","title":"SOS escalates straight to HIGH_RISK","duration":50.95789999999943,"failureMessages":[],"meta":{}},{"ancestorTitles":["E2E — monitoring rules are deterministic and AI-free (V4 §31, §44)"],"fullName":"E2E — monitoring rules are deterministic and AI-free (V4 §31, §44) an unexpected geofence exit raises VERIFY, a planned one does not","status":"passed","title":"an unexpected geofence exit raises VERIFY, a planned one does not","duration":73.34900000000016,"failureMessages":[],"meta":{}},{"ancestorTitles":["E2E — monitoring rules are deterministic and AI-free (V4 §31, §44)"],"fullName":"E2E — monitoring rules are deterministic and AI-free (V4 §31, §44) a low-accuracy GPS fix never escalates on its own","status":"passed","title":"a low-accuracy GPS fix never escalates on its own","duration":78.67749999999978,"failureMessages":[],"meta":{}},{"ancestorTitles":["E2E — monitoring rules are deterministic and AI-free (V4 §31, §44)"],"fullName":"E2E — monitoring rules are deterministic and AI-free (V4 §31, §44) a duplicate event is rejected by its dedupe key","status":"passed","title":"a duplicate event is rejected by its dedupe key","duration":63.52729999999974,"failureMessages":[],"meta":{}},{"ancestorTitles":["E2E — monitoring rules are deterministic and AI-free (V4 §31, §44)"],"fullName":"E2E — monitoring rules are deterministic and AI-free (V4 §31, §44) an out-of-order event cannot pull the state back down","status":"passed","title":"an out-of-order event cannot pull the state back down","duration":50.838300000000345,"failureMessages":[],"meta":{}},{"ancestorTitles":["E2E — monitoring rules are deterministic and AI-free (V4 §31, §44)"],"fullName":"E2E — monitoring rules are deterministic and AI-free (V4 §31, §44) the timeline records every transition with its rule version","status":"passed","title":"the timeline records every transition with its rule version","duration":59.850000000000364,"failureMessages":[],"meta":{}}],"startTime":1788011892155,"endTime":1788011897327.85,"status":"passed","message":"","name":"D:/T-Ai/AiMatching/backend/tests/api.e2e.test.js"},{"assertionResults":[{"ancestorTitles":["approximate — an area, not an address"],"fullName":"approximate — an area, not an address rounds the centre away from the exact point","status":"passed","title":"rounds the centre away from the exact point","duration":1.369799999999998,"failureMessages":[],"meta":{}},{"ancestorTitles":["approximate — an area, not an address"],"fullName":"approximate — an area, not an address is deterministic — the same house always yields the same circle","status":"passed","title":"is deterministic — the same house always yields the same circle","duration":0.2547000000000139,"failureMessages":[],"meta":{}},{"ancestorTitles":["approximate — an area, not an address"],"fullName":"approximate — an area, not an address keeps the real point inside the circle it shows","status":"passed","title":"keeps the real point inside the circle it shows","duration":0.24650000000002592,"failureMessages":[],"meta":{}},{"ancestorTitles":["approximate — an area, not an address"],"fullName":"approximate — an area, not an address two nearby houses can share a circle, which is the point","status":"passed","title":"two nearby houses can share a circle, which is the point","duration":0.10949999999996862,"failureMessages":[],"meta":{}},{"ancestorTitles":["approximate — an area, not an address"],"fullName":"approximate — an area, not an address returns null for a missing coordinate rather than a bogus one","status":"passed","title":"returns null for a missing coordinate rather than a bogus one","duration":0.10439999999999827,"failureMessages":[],"meta":{}},{"ancestorTitles":["exact — the real pin plus the geofence"],"fullName":"exact — the real pin plus the geofence preserves the coordinate and the configured radius","status":"passed","title":"preserves the coordinate and the configured radius","duration":0.20139999999997826,"failureMessages":[],"meta":{}},{"ancestorTitles":["exact — the real pin plus the geofence"],"fullName":"exact — the real pin plus the geofence falls back to 150 m when no radius is configured","status":"passed","title":"falls back to 150 m when no radius is configured","duration":0.09609999999997854,"failureMessages":[],"meta":{}},{"ancestorTitles":["locationFor — who sees what, and when"],"fullName":"locationFor — who sees what, and when the family always sees their own exact location","status":"passed","title":"the family always sees their own exact location","duration":0.11610000000001719,"failureMessages":[],"meta":{}},{"ancestorTitles":["locationFor — who sees what, and when"],"fullName":"locationFor — who sees what, and when a caregiver who has not been accepted sees only an area","status":"passed","title":"a caregiver who has not been accepted sees only an area","duration":0.11779999999998836,"failureMessages":[],"meta":{}},{"ancestorTitles":["locationFor — who sees what, and when"],"fullName":"locationFor — who sees what, and when an accepted caregiver sees the exact location and the geofence","status":"passed","title":"an accepted caregiver sees the exact location and the geofence","duration":0.11520000000001573,"failureMessages":[],"meta":{}},{"ancestorTitles":["geofence arithmetic"],"fullName":"geofence arithmetic measures a short distance sensibly","status":"passed","title":"measures a short distance sensibly","duration":0.15190000000001191,"failureMessages":[],"meta":{}},{"ancestorTitles":["geofence arithmetic"],"fullName":"geofence arithmetic a point at the care location is inside","status":"passed","title":"a point at the care location is inside","duration":0.09720000000004347,"failureMessages":[],"meta":{}},{"ancestorTitles":["geofence arithmetic"],"fullName":"geofence arithmetic a point a kilometre away is outside","status":"passed","title":"a point a kilometre away is outside","duration":0.07319999999998572,"failureMessages":[],"meta":{}},{"ancestorTitles":["geofence arithmetic"],"fullName":"geofence arithmetic unknown inputs give null rather than a false negative","status":"passed","title":"unknown inputs give null rather than a false negative","duration":0.0857000000000312,"failureMessages":[],"meta":{}}],"startTime":1788011891906,"endTime":1788011891910.1519,"status":"passed","message":"","name":"D:/T-Ai/AiMatching/backend/tests/location.test.js"},{"assertionResults":[{"ancestorTitles":["SCORING_SPEC §4/§5 — renormalised weights"],"fullName":"SCORING_SPEC §4/§5 — renormalised weights family base weights sum to 100 after removing distance","status":"passed","title":"family base weights sum to 100 after removing distance","duration":0.9827999999999975,"failureMessages":[],"meta":{}},{"ancestorTitles":["SCORING_SPEC §4/§5 — renormalised weights"],"fullName":"SCORING_SPEC §4/§5 — renormalised weights job base weights sum to 100 after removing travel burden","status":"passed","title":"job base weights sum to 100 after removing travel burden","duration":0.17189999999999372,"failureMessages":[],"meta":{}},{"ancestorTitles":["SCORING_SPEC §4/§5 — renormalised weights"],"fullName":"SCORING_SPEC §4/§5 — renormalised weights keeps V4 §20 mutual weighting","status":"passed","title":"keeps V4 §20 mutual weighting","duration":0.21050000000002456,"failureMessages":[],"meta":{}},{"ancestorTitles":["V4 §14 / V6 Group A — hard filters"],"fullName":"V4 §14 / V6 Group A — hard filters A01 high trust + missing mandatory skill → FILTER_OUT","status":"passed","title":"A01 high trust + missing mandatory skill → FILTER_OUT","duration":3.8104000000000156,"failureMessages":[],"meta":{}},{"ancestorTitles":["V4 §14 / V6 Group A — hard filters"],"fullName":"V4 §14 / V6 Group A — hard filters A02 perfect skills + unavailable → FILTER_OUT","status":"passed","title":"A02 perfect skills + unavailable → FILTER_OUT","duration":0.40730000000002065,"failureMessages":[],"meta":{}},{"ancestorTitles":["V4 §14 / V6 Group A — hard filters"],"fullName":"V4 §14 / V6 Group A — hard filters A03 perfect skills + outside radius + no opt-in → FILTER_OUT, not exceptional","status":"passed","title":"A03 perfect skills + outside radius + no opt-in → FILTER_OUT, not exceptional","duration":0.6071999999999775,"failureMessages":[],"meta":{}},{"ancestorTitles":["V4 §14 / V6 Group A — hard filters"],"fullName":"V4 §14 / V6 Group A — hard filters A04 mandatory language mismatch → FILTER_OUT","status":"passed","title":"A04 mandatory language mismatch → FILTER_OUT","duration":0.3158999999999992,"failureMessages":[],"meta":{}},{"ancestorTitles":["V4 §14 / V6 Group A — hard filters"],"fullName":"V4 §14 / V6 Group A — hard filters A05/A06 caregiver refuses a MUST_DO task → FILTER_OUT","status":"passed","title":"A05/A06 caregiver refuses a MUST_DO task → FILTER_OUT","duration":0.3301000000000158,"failureMessages":[],"meta":{}},{"ancestorTitles":["V4 §14 / V6 Group A — hard filters"],"fullName":"V4 §14 / V6 Group A — hard filters A06 heavy lifting required + caregiver refuses → FILTER_OUT","status":"passed","title":"A06 heavy lifting required + caregiver refuses → FILTER_OUT","duration":0.32630000000000337,"failureMessages":[],"meta":{}},{"ancestorTitles":["V4 §14 / V6 Group A — hard filters"],"fullName":"V4 §14 / V6 Group A — hard filters A07 hospital escort mandatory + caregiver refuses → FILTER_OUT","status":"passed","title":"A07 hospital escort mandatory + caregiver refuses → FILTER_OUT","duration":0.31899999999996,"failureMessages":[],"meta":{}},{"ancestorTitles":["V4 §14 / V6 Group A — hard filters"],"fullName":"V4 §14 / V6 Group A — hard filters A08 mandatory credential missing → FILTER_OUT","status":"passed","title":"A08 mandatory credential missing → FILTER_OUT","duration":0.3049000000000319,"failureMessages":[],"meta":{}},{"ancestorTitles":["V4 §14 / V6 Group A — hard filters"],"fullName":"V4 §14 / V6 Group A — hard filters A09 verification pending → FILTER_OUT (policy locked in SCORING_SPEC §2)","status":"passed","title":"A09 verification pending → FILTER_OUT (policy locked in SCORING_SPEC §2)","duration":0.32859999999999445,"failureMessages":[],"meta":{}},{"ancestorTitles":["V4 §14 / V6 Group A — hard filters"],"fullName":"V4 §14 / V6 Group A — hard filters A10 budget below minimum with negotiation disabled → FILTER_OUT","status":"passed","title":"A10 budget below minimum with negotiation disabled → FILTER_OUT","duration":0.44429999999999836,"failureMessages":[],"meta":{}},{"ancestorTitles":["V4 §14 / V6 Group A — hard filters"],"fullName":"V4 §14 / V6 Group A — hard filters a fully matching caregiver passes every filter","status":"passed","title":"a fully matching caregiver passes every filter","duration":0.6400999999999613,"failureMessages":[],"meta":{}},{"ancestorTitles":["V4 §14 / V6 Group A — hard filters"],"fullName":"V4 §14 / V6 Group A — hard filters V4 §41.7 night job + caregiver nighttime_ok=false → FILTER_OUT","status":"passed","title":"V4 §41.7 night job + caregiver nighttime_ok=false → FILTER_OUT","duration":0.27230000000002974,"failureMessages":[],"meta":{}},{"ancestorTitles":["V4 §14 / V6 Group A — hard filters"],"fullName":"V4 §14 / V6 Group A — hard filters double booking is caught by the availability filter","status":"passed","title":"double booking is caught by the availability filter","duration":0.247099999999989,"failureMessages":[],"meta":{}},{"ancestorTitles":["V4 §20 / V6 Group D — mutual fit"],"fullName":"V4 §20 / V6 Group D — mutual fit D01 family 95 / job 45 → moderate","status":"passed","title":"D01 family 95 / job 45 → moderate","duration":0.11130000000002838,"failureMessages":[],"meta":{}},{"ancestorTitles":["V4 §20 / V6 Group D — mutual fit"],"fullName":"V4 §20 / V6 Group D — mutual fit D02 family 88 / job 90 → high","status":"passed","title":"D02 family 88 / job 90 → high","duration":0.06380000000001473,"failureMessages":[],"meta":{}},{"ancestorTitles":["V4 §20 / V6 Group D — mutual fit"],"fullName":"V4 §20 / V6 Group D — mutual fit D03 family 92 / job 93 → top, above D02","status":"passed","title":"D03 family 92 / job 93 → top, above D02","duration":0.12290000000001555,"failureMessages":[],"meta":{}},{"ancestorTitles":["V4 §20 / V6 Group D — mutual fit"],"fullName":"V4 §20 / V6 Group D — mutual fit D04 one-sided 98/40 ranks BELOW balanced 90/90","status":"passed","title":"D04 one-sided 98/40 ranks BELOW balanced 90/90","duration":0.07380000000000564,"failureMessages":[],"meta":{}},{"ancestorTitles":["V4 §20 / V6 Group D — mutual fit"],"fullName":"V4 §20 / V6 Group D — mutual fit V5 §24 worked example reproduces 95","status":"passed","title":"V5 §24 worked example reproduces 95","duration":0.05440000000004375,"failureMessages":[],"meta":{}},{"ancestorTitles":["V4 §20 / V6 Group D — mutual fit"],"fullName":"V4 §20 / V6 Group D — mutual fit a bucket with no applicable features never drags the score to zero","status":"passed","title":"a bucket with no applicable features never drags the score to zero","duration":0.15749999999997044,"failureMessages":[],"meta":{}},{"ancestorTitles":["V5 §19-§27 / V6 Group E — exceptional far match"],"fullName":"V5 §19-§27 / V6 Group E — exceptional far match E01 / V5 case 1 — fit ≥ 90, both opt-in → EXCEPTIONAL","status":"passed","title":"E01 / V5 case 1 — fit ≥ 90, both opt-in → EXCEPTIONAL","duration":0.347500000000025,"failureMessages":[],"meta":{}},{"ancestorTitles":["V5 §19-§27 / V6 Group E — exceptional far match"],"fullName":"V5 §19-§27 / V6 Group E — exceptional far match E02 / V5 case 2 — caregiver has not opted in → NOT_SHOWN","status":"passed","title":"E02 / V5 case 2 — caregiver has not opted in → NOT_SHOWN","duration":0.2965000000000373,"failureMessages":[],"meta":{}},{"ancestorTitles":["V5 §19-§27 / V6 Group E — exceptional far match"],"fullName":"V5 §19-§27 / V6 Group E — exceptional far match E03 / V5 case 3 — family has not opted in → NOT_SHOWN","status":"passed","title":"E03 / V5 case 3 — family has not opted in → NOT_SHOWN","duration":0.25319999999999254,"failureMessages":[],"meta":{}},{"ancestorTitles":["V5 §19-§27 / V6 Group E — exceptional far match"],"fullName":"V5 §19-§27 / V6 Group E — exceptional far match E05 / V5 case 4 — missing mandatory skill can never be rescued by distance opt-in","status":"passed","title":"E05 / V5 case 4 — missing mandatory skill can never be rescued by distance opt-in","duration":0.22840000000002192,"failureMessages":[],"meta":{}},{"ancestorTitles":["V5 §19-§27 / V6 Group E — exceptional far match"],"fullName":"V5 §19-§27 / V6 Group E — exceptional far match E04 / V5 case 6 — base fit below the threshold → NOT_EXCEPTIONAL","status":"passed","title":"E04 / V5 case 6 — base fit below the threshold → NOT_EXCEPTIONAL","duration":0.22539999999997917,"failureMessages":[],"meta":{}},{"ancestorTitles":["V5 §19-§27 / V6 Group E — exceptional far match"],"fullName":"V5 §19-§27 / V6 Group E — exceptional far match V5 §21 — exceptional match carries an additional cost estimate, not a final price","status":"passed","title":"V5 §21 — exceptional match carries an additional cost estimate, not a final price","duration":0.25380000000001246,"failureMessages":[],"meta":{}},{"ancestorTitles":["V5 §19-§27 / V6 Group E — exceptional far match"],"fullName":"V5 §19-§27 / V6 Group E — exceptional far match V5 §21 — accommodation is added once past the caregiver threshold","status":"passed","title":"V5 §21 — accommodation is added once past the caregiver threshold","duration":0.2185000000000059,"failureMessages":[],"meta":{}},{"ancestorTitles":["V5 §19-§27 / V6 Group E — exceptional far match"],"fullName":"V5 §19-§27 / V6 Group E — exceptional far match V5 §24 — base and distance-adjusted scores are both reported and differ","status":"passed","title":"V5 §24 — base and distance-adjusted scores are both reported and differ","duration":0.20199999999999818,"failureMessages":[],"meta":{}},{"ancestorTitles":["V5 §19-§27 / V6 Group E — exceptional far match"],"fullName":"V5 §19-§27 / V6 Group E — exceptional far match V5 §19 — an exceptional candidate never becomes normal rank #1","status":"passed","title":"V5 §19 — an exceptional candidate never becomes normal rank #1","duration":0.6825999999999794,"failureMessages":[],"meta":{}},{"ancestorTitles":["SCORING_SPEC §7 — distance curve"],"fullName":"SCORING_SPEC §7 — distance curve is 100 at half the radius, 40 at the boundary, 0 at 3x","status":"passed","title":"is 100 at half the radius, 40 at the boundary, 0 at 3x","duration":0.10930000000001883,"failureMessages":[],"meta":{}},{"ancestorTitles":["SCORING_SPEC §7 — distance curve"],"fullName":"SCORING_SPEC §7 — distance curve decreases monotonically","status":"passed","title":"decreases monotonically","duration":0.5036000000000058,"failureMessages":[],"meta":{}},{"ancestorTitles":["V6 Group B — family fit ranking"],"fullName":"V6 Group B — family fit ranking B01 direct condition experience outranks none, all else equal","status":"passed","title":"B01 direct condition experience outranks none, all else equal","duration":0.3091999999999757,"failureMessages":[],"meta":{}},{"ancestorTitles":["V6 Group B — family fit ranking"],"fullName":"V6 Group B — family fit ranking B02 nearer caregiver scores higher on the distance component","status":"passed","title":"B02 nearer caregiver scores higher on the distance component","duration":0.2767000000000053,"failureMessages":[],"meta":{}},{"ancestorTitles":["V6 Group B — family fit ranking"],"fullName":"V6 Group B — family fit ranking B02 distance does not affect the BASE score (that is the point of the split)","status":"passed","title":"B02 distance does not affect the BASE score (that is the point of the split)","duration":0.20210000000002992,"failureMessages":[],"meta":{}},{"ancestorTitles":["V6 Group C — caregiver job fit"],"fullName":"V6 Group C — caregiver job fit C01 near + on-rate + day shift beats far + underpaid + night","status":"passed","title":"C01 near + on-rate + day shift beats far + underpaid + night","duration":0.276299999999992,"failureMessages":[],"meta":{}},{"ancestorTitles":["V6 Group C — caregiver job fit"],"fullName":"V6 Group C — caregiver job fit C02 caregiver wanting long-term prefers a recurring job over a one-off","status":"passed","title":"C02 caregiver wanting long-term prefers a recurring job over a one-off","duration":0.2880000000000109,"failureMessages":[],"meta":{}},{"ancestorTitles":["V6 Group C — caregiver job fit"],"fullName":"V6 Group C — caregiver job fit C03 a caregiver who dislikes heavy workload scores heavy jobs lower","status":"passed","title":"C03 a caregiver who dislikes heavy workload scores heavy jobs lower","duration":0.2991999999999848,"failureMessages":[],"meta":{}},{"ancestorTitles":["V4 §34 / V6 Group F — trust score"],"fullName":"V4 §34 / V6 Group F — trust score F01 an unconfirmed incident carries no penalty","status":"passed","title":"F01 an unconfirmed incident carries no penalty","duration":0.47350000000000136,"failureMessages":[],"meta":{}},{"ancestorTitles":["V4 §34 / V6 Group F — trust score"],"fullName":"V4 §34 / V6 Group F — trust score F02 a confirmed caregiver-responsible incident does penalise","status":"passed","title":"F02 a confirmed caregiver-responsible incident does penalise","duration":0.21199999999998909,"failureMessages":[],"meta":{}},{"ancestorTitles":["V4 §34 / V6 Group F — trust score"],"fullName":"V4 §34 / V6 Group F — trust score F02b a confirmed incident that is NOT the caregiver's fault carries no penalty","status":"passed","title":"F02b a confirmed incident that is NOT the caregiver's fault carries no penalty","duration":0.18600000000003547,"failureMessages":[],"meta":{}},{"ancestorTitles":["V4 §34 / V6 Group F — trust score"],"fullName":"V4 §34 / V6 Group F — trust score F03 a previous successful pair with rebook scores above a fresh pair","status":"passed","title":"F03 a previous successful pair with rebook scores above a fresh pair","duration":0.25540000000000873,"failureMessages":[],"meta":{}},{"ancestorTitles":["V4 §34 / V6 Group F — trust score"],"fullName":"V4 §34 / V6 Group F — trust score F03b the rebook bonus can never overturn a hard filter","status":"passed","title":"F03b the rebook bonus can never overturn a hard filter","duration":0.24660000000000082,"failureMessages":[],"meta":{}},{"ancestorTitles":["V4 §34 / V6 Group F — trust score"],"fullName":"V4 §34 / V6 Group F — trust score F04 a single 5-star review is shrunk toward the prior, not treated as perfect","status":"passed","title":"F04 a single 5-star review is shrunk toward the prior, not treated as perfect","duration":0.14599999999995816,"failureMessages":[],"meta":{}},{"ancestorTitles":["V4 §34 / V6 Group F — trust score"],"fullName":"V4 §34 / V6 Group F — trust score F05 trust status becomes ESTABLISHED once enough jobs are completed","status":"passed","title":"F05 trust status becomes ESTABLISHED once enough jobs are completed","duration":0.33209999999996853,"failureMessages":[],"meta":{}},{"ancestorTitles":["V5 §1 — both directions agree on a pair"],"fullName":"V5 §1 — both directions agree on a pair the same pair scores identically whoever initiated the search","status":"passed","title":"the same pair scores identically whoever initiated the search","duration":0.6187999999999647,"failureMessages":[],"meta":{}},{"ancestorTitles":["V5 §17 — care request visibility"],"fullName":"V5 §17 — care request visibility PRIVATE requests are invisible without a direct job request","status":"passed","title":"PRIVATE requests are invisible without a direct job request","duration":0.3143000000000029,"failureMessages":[],"meta":{}},{"ancestorTitles":["V5 §17 — care request visibility"],"fullName":"V5 §17 — care request visibility MATCHED_ONLY hides requests the caregiver does not qualify for","status":"passed","title":"MATCHED_ONLY hides requests the caregiver does not qualify for","duration":0.2577999999999747,"failureMessages":[],"meta":{}},{"ancestorTitles":["V5 §17 — care request visibility"],"fullName":"V5 §17 — care request visibility OPEN_TO_CAREGIVERS is discoverable by anyone eligible","status":"passed","title":"OPEN_TO_CAREGIVERS is discoverable by anyone eligible","duration":0.18959999999998445,"failureMessages":[],"meta":{}},{"ancestorTitles":["V5 §17 — care request visibility"],"fullName":"V5 §17 — care request visibility a DRAFT request is never discoverable","status":"passed","title":"a DRAFT request is never discoverable","duration":0.11439999999998918,"failureMessages":[],"meta":{}},{"ancestorTitles":["V4 §50 — determinism"],"fullName":"V4 §50 — determinism repeated runs produce byte-identical rankings","status":"passed","title":"repeated runs produce byte-identical rankings","duration":0.4895000000000209,"failureMessages":[],"meta":{}}],"startTime":1788011891959,"endTime":1788011891979.4895,"status":"passed","message":"","name":"D:/T-Ai/AiMatching/backend/tests/matching.test.js"},{"assertionResults":[{"ancestorTitles":["ตี — early morning"],"fullName":"ตี — early morning \"ตี 1\" → 01:00","status":"passed","title":"\"ตี 1\" → 01:00","duration":1.7653999999999996,"failureMessages":[],"meta":{}},{"ancestorTitles":["ตี — early morning"],"fullName":"ตี — early morning \"ตีสอง\" → 02:00","status":"passed","title":"\"ตีสอง\" → 02:00","duration":0.8159999999999741,"failureMessages":[],"meta":{}},{"ancestorTitles":["ตี — early morning"],"fullName":"ตี — early morning \"ตี 3\" → 03:00","status":"passed","title":"\"ตี 3\" → 03:00","duration":0.24190000000004375,"failureMessages":[],"meta":{}},{"ancestorTitles":["ตี — early morning"],"fullName":"ตี — early morning \"ตีห้า\" → 05:00","status":"passed","title":"\"ตีห้า\" → 05:00","duration":0.15160000000003038,"failureMessages":[],"meta":{}},{"ancestorTitles":["ตี — early morning"],"fullName":"ตี — early morning \"ตี 4 ครึ่ง\" → 04:30","status":"passed","title":"\"ตี 4 ครึ่ง\" → 04:30","duration":0.13100000000002865,"failureMessages":[],"meta":{}},{"ancestorTitles":["โมงเช้า — morning"],"fullName":"โมงเช้า — morning \"8 โมงเช้า\" → 08:00","status":"passed","title":"\"8 โมงเช้า\" → 08:00","duration":0.29189999999999827,"failureMessages":[],"meta":{}},{"ancestorTitles":["โมงเช้า — morning"],"fullName":"โมงเช้า — morning \"เก้าโมงเช้า\" → 09:00","status":"passed","title":"\"เก้าโมงเช้า\" → 09:00","duration":0.137299999999982,"failureMessages":[],"meta":{}},{"ancestorTitles":["โมงเช้า — morning"],"fullName":"โมงเช้า — morning \"6 โมงเช้า\" → 06:00","status":"passed","title":"\"6 โมงเช้า\" → 06:00","duration":0.11619999999999209,"failureMessages":[],"meta":{}},{"ancestorTitles":["โมงเช้า — morning"],"fullName":"โมงเช้า — morning \"10 โมงเช้าครึ่ง\" → 10:30","status":"passed","title":"\"10 โมงเช้าครึ่ง\" → 10:30","duration":0.15730000000002065,"failureMessages":[],"meta":{}},{"ancestorTitles":["โมงเช้า — morning"],"fullName":"โมงเช้า — morning \"โมงเช้า\" → 07:00","status":"passed","title":"\"โมงเช้า\" → 07:00","duration":0.19069999999999254,"failureMessages":[],"meta":{}},{"ancestorTitles":["เที่ยง — noon and midnight"],"fullName":"เที่ยง — noon and midnight เที่ยง → 12:00","status":"passed","title":"เที่ยง → 12:00","duration":0.10059999999998581,"failureMessages":[],"meta":{}},{"ancestorTitles":["เที่ยง — noon and midnight"],"fullName":"เที่ยง — noon and midnight เที่ยงวัน → 12:00","status":"passed","title":"เที่ยงวัน → 12:00","duration":0.06029999999998381,"failureMessages":[],"meta":{}},{"ancestorTitles":["เที่ยง — noon and midnight"],"fullName":"เที่ยง — noon and midnight เที่ยงตรง → 12:00","status":"passed","title":"เที่ยงตรง → 12:00","duration":0.05509999999998172,"failureMessages":[],"meta":{}},{"ancestorTitles":["เที่ยง — noon and midnight"],"fullName":"เที่ยง — noon and midnight เที่ยงคืน → 00:00","status":"passed","title":"เที่ยงคืน → 00:00","duration":0.061099999999953525,"failureMessages":[],"meta":{}},{"ancestorTitles":["เที่ยง — noon and midnight"],"fullName":"เที่ยง — noon and midnight เที่ยงคืน is not read as เที่ยง","status":"passed","title":"เที่ยงคืน is not read as เที่ยง","duration":0.054700000000025284,"failureMessages":[],"meta":{}},{"ancestorTitles":["บ่าย — afternoon"],"fullName":"บ่าย — afternoon \"บ่ายโมง\" → 13:00","status":"passed","title":"\"บ่ายโมง\" → 13:00","duration":0.09430000000003247,"failureMessages":[],"meta":{}},{"ancestorTitles":["บ่าย — afternoon"],"fullName":"บ่าย — afternoon \"บ่าย 2\" → 14:00","status":"passed","title":"\"บ่าย 2\" → 14:00","duration":0.07679999999999154,"failureMessages":[],"meta":{}},{"ancestorTitles":["บ่าย — afternoon"],"fullName":"บ่าย — afternoon \"บ่ายสอง\" → 14:00","status":"passed","title":"\"บ่ายสอง\" → 14:00","duration":0.08620000000001937,"failureMessages":[],"meta":{}},{"ancestorTitles":["บ่าย — afternoon"],"fullName":"บ่าย — afternoon \"บ่าย 3 โมง\" → 15:00","status":"passed","title":"\"บ่าย 3 โมง\" → 15:00","duration":0.07660000000004175,"failureMessages":[],"meta":{}},{"ancestorTitles":["บ่าย — afternoon"],"fullName":"บ่าย — afternoon \"บ่ายสี่\" → 16:00","status":"passed","title":"\"บ่ายสี่\" → 16:00","duration":0.06380000000001473,"failureMessages":[],"meta":{}},{"ancestorTitles":["บ่าย — afternoon"],"fullName":"บ่าย — afternoon \"บ่ายโมงครึ่ง\" → 13:30","status":"passed","title":"\"บ่ายโมงครึ่ง\" → 13:30","duration":0.0735000000000241,"failureMessages":[],"meta":{}},{"ancestorTitles":["โมงเย็น — evening"],"fullName":"โมงเย็น — evening \"4 โมงเย็น\" → 16:00","status":"passed","title":"\"4 โมงเย็น\" → 16:00","duration":0.1811999999999898,"failureMessages":[],"meta":{}},{"ancestorTitles":["โมงเย็น — evening"],"fullName":"โมงเย็น — evening \"5 โมงเย็น\" → 17:00","status":"passed","title":"\"5 โมงเย็น\" → 17:00","duration":0.10489999999998645,"failureMessages":[],"meta":{}},{"ancestorTitles":["โมงเย็น — evening"],"fullName":"โมงเย็น — evening \"หกโมงเย็น\" → 18:00","status":"passed","title":"\"หกโมงเย็น\" → 18:00","duration":0.08949999999998681,"failureMessages":[],"meta":{}},{"ancestorTitles":["โมงเย็น — evening"],"fullName":"โมงเย็น — evening \"โมงเย็น\" → 18:00","status":"passed","title":"\"โมงเย็น\" → 18:00","duration":0.12130000000001928,"failureMessages":[],"meta":{}},{"ancestorTitles":["ทุ่ม — night"],"fullName":"ทุ่ม — night \"1 ทุ่ม\" → 19:00","status":"passed","title":"\"1 ทุ่ม\" → 19:00","duration":0.0958999999999719,"failureMessages":[],"meta":{}},{"ancestorTitles":["ทุ่ม — night"],"fullName":"ทุ่ม — night \"ทุ่มนึง\" → 19:00","status":"passed","title":"\"ทุ่มนึง\" → 19:00","duration":0.05750000000000455,"failureMessages":[],"meta":{}},{"ancestorTitles":["ทุ่ม — night"],"fullName":"ทุ่ม — night \"สองทุ่ม\" → 20:00","status":"passed","title":"\"สองทุ่ม\" → 20:00","duration":0.046599999999955344,"failureMessages":[],"meta":{}},{"ancestorTitles":["ทุ่ม — night"],"fullName":"ทุ่ม — night \"3 ทุ่ม\" → 21:00","status":"passed","title":"\"3 ทุ่ม\" → 21:00","duration":0.06080000000002883,"failureMessages":[],"meta":{}},{"ancestorTitles":["ทุ่ม — night"],"fullName":"ทุ่ม — night \"5 ทุ่ม\" → 23:00","status":"passed","title":"\"5 ทุ่ม\" → 23:00","duration":0.04699999999996862,"failureMessages":[],"meta":{}},{"ancestorTitles":["ทุ่ม — night"],"fullName":"ทุ่ม — night \"2 ทุ่มครึ่ง\" → 20:30","status":"passed","title":"\"2 ทุ่มครึ่ง\" → 20:30","duration":0.06960000000003674,"failureMessages":[],"meta":{}},{"ancestorTitles":["numeric forms already in the text"],"fullName":"numeric forms already in the text 13:30 stays","status":"passed","title":"13:30 stays","duration":0.49169999999998026,"failureMessages":[],"meta":{}},{"ancestorTitles":["numeric forms already in the text"],"fullName":"numeric forms already in the text 09.15 น. → 09:15","status":"passed","title":"09.15 น. → 09:15","duration":0.09019999999998163,"failureMessages":[],"meta":{}},{"ancestorTitles":["numeric forms already in the text"],"fullName":"numeric forms already in the text 14 นาฬิกา → 14:00","status":"passed","title":"14 นาฬิกา → 14:00","duration":0.07690000000002328,"failureMessages":[],"meta":{}},{"ancestorTitles":["whole sentences"],"fullName":"whole sentences finds every time in order","status":"passed","title":"finds every time in order","duration":0.5378000000000043,"failureMessages":[],"meta":{}},{"ancestorTitles":["whole sentences"],"fullName":"whole sentences rewrites spoken times to HH:MM and leaves the rest alone","status":"passed","title":"rewrites spoken times to HH:MM and leaves the rest alone","duration":0.12380000000001701,"failureMessages":[],"meta":{}},{"ancestorTitles":["whole sentences"],"fullName":"whole sentences a sentence with no time yields nothing","status":"passed","title":"a sentence with no time yields nothing","duration":0.11100000000004684,"failureMessages":[],"meta":{}},{"ancestorTitles":["whole sentences"],"fullName":"whole sentences the classic dictation from the spec parses end to end","status":"passed","title":"the classic dictation from the spec parses end to end","duration":0.14789999999999281,"failureMessages":[],"meta":{}},{"ancestorTitles":["reconcile — the model is checked, not trusted"],"fullName":"reconcile — the model is checked, not trusted repairs a malformed time from the source sentence","status":"passed","title":"repairs a malformed time from the source sentence","duration":0.790300000000002,"failureMessages":[],"meta":{}},{"ancestorTitles":["reconcile — the model is checked, not trusted"],"fullName":"reconcile — the model is checked, not trusted overrides a valid but wrong time when the sentence is unambiguous","status":"passed","title":"overrides a valid but wrong time when the sentence is unambiguous","duration":0.20710000000002537,"failureMessages":[],"meta":{}},{"ancestorTitles":["reconcile — the model is checked, not trusted"],"fullName":"reconcile — the model is checked, not trusted leaves a correct time untouched","status":"passed","title":"leaves a correct time untouched","duration":0.24500000000000455,"failureMessages":[],"meta":{}},{"ancestorTitles":["reconcile — the model is checked, not trusted"],"fullName":"reconcile — the model is checked, not trusted a time it cannot recover becomes null rather than a guess","status":"passed","title":"a time it cannot recover becomes null rather than a guess","duration":0.14359999999999218,"failureMessages":[],"meta":{}},{"ancestorTitles":["sortByTime"],"fullName":"sortByTime orders a day chronologically with untimed entries last","status":"passed","title":"orders a day chronologically with untimed entries last","duration":9.027500000000032,"failureMessages":[],"meta":{}},{"ancestorTitles":["isHHMM"],"fullName":"isHHMM accepts real times only","status":"passed","title":"accepts real times only","duration":0.2185999999999808,"failureMessages":[],"meta":{}}],"startTime":1788011891909,"endTime":1788011891928.2185,"status":"passed","message":"","name":"D:/T-Ai/AiMatching/backend/tests/thaiTime.test.js"}]}