{"numTotalTestSuites":12,"numPassedTestSuites":1,"numFailedTestSuites":11,"numPendingTestSuites":0,"numTotalTests":28,"numPassedTests":7,"numFailedTests":21,"numPendingTests":0,"numTodoTests":0,"snapshot":{"added":0,"failure":false,"filesAdded":0,"filesRemoved":0,"filesRemovedList":[],"filesUnmatched":0,"filesUpdated":0,"matched":0,"total":0,"unchecked":0,"uncheckedKeysByFile":[],"unmatched":0,"updated":0,"didUpdate":false},"startTime":1787982023262,"success":false,"testResults":[{"assertionResults":[{"ancestorTitles":["API — health and seed (V4 §40, §50)"],"fullName":"API — health and seed (V4 §40, §50) reports env presence without ever exposing a secret","status":"passed","title":"reports env presence without ever exposing a secret","duration":28584.0663,"failureMessages":[],"meta":{}},{"ancestorTitles":["API — health and seed (V4 §40, §50)"],"fullName":"API — health and seed (V4 §40, §50) seeds exactly the counts V4 §40 requires","status":"passed","title":"seeds exactly the counts V4 §40 requires","duration":43983.86380000001,"failureMessages":[],"meta":{}},{"ancestorTitles":["API — matching (V4 §22, V5 §3)"],"fullName":"API — matching (V4 §22, V5 §3) returns the three V5 §27 buckets","status":"passed","title":"returns the three V5 §27 buckets","duration":31810.669700000013,"failureMessages":[],"meta":{}},{"ancestorTitles":["API — matching (V4 §22, V5 §3)"],"fullName":"API — matching (V4 §22, V5 §3) every candidate carries both the base and the distance-adjusted score (V5 §24)","status":"passed","title":"every candidate carries both the base and the distance-adjusted score (V5 §24)","duration":33603.15370000001,"failureMessages":[],"meta":{}},{"ancestorTitles":["API — matching (V4 §22, V5 §3)"],"fullName":"API — matching (V4 §22, V5 §3) persists the run with feature values and versions (V4 §20)","status":"passed","title":"persists the run with feature values and versions (V4 §20)","duration":30896.790799999988,"failureMessages":[],"meta":{}},{"ancestorTitles":["API — matching (V4 §22, V5 §3)"],"fullName":"API — matching (V4 §22, V5 §3) surfaces the exceptional far match separately, never as normal rank 1 (V5 §19)","status":"passed","title":"surfaces the exceptional far match separately, never as normal rank 1 (V5 §19)","duration":27296.87970000002,"failureMessages":[],"meta":{}},{"ancestorTitles":["API — matching (V4 §22, V5 §3)"],"fullName":"API — matching (V4 §22, V5 §3) a far caregiver who has not opted in is never shown (V5 §26 case 2)","status":"passed","title":"a far caregiver who has not opted in is never shown (V5 §26 case 2)","duration":28076.738899999997,"failureMessages":[],"meta":{}},{"ancestorTitles":["API — matching (V4 §22, V5 §3)"],"fullName":"API — matching (V4 §22, V5 §3) the debug endpoint explains every filter and bucket (V5 §28)","status":"failed","title":"the debug endpoint explains every filter and bucket (V5 §28)","duration":33649.92360000001,"failureMessages":["TypeError: fetch failed"],"meta":{}},{"ancestorTitles":["API — caregiver job discovery (V4 §23, V5 §4, §17)"],"fullName":"API — caregiver job discovery (V4 §23, V5 §4, §17) returns ranked jobs with a privacy-safe summary only","status":"failed","title":"returns ranked jobs with a privacy-safe summary only","duration":19.248200000001816,"failureMessages":["TypeError: fetch failed"],"meta":{}},{"ancestorTitles":["API — caregiver job discovery (V4 §23, V5 §4, §17)"],"fullName":"API — caregiver job discovery (V4 §23, V5 §4, §17) hides a PRIVATE request until a direct invitation exists (V5 §17)","status":"failed","title":"hides a PRIVATE request until a direct invitation exists (V5 §17)","duration":3.9257999999972526,"failureMessages":["TypeError: fetch failed"],"meta":{}},{"ancestorTitles":["API — caregiver job discovery (V4 §23, V5 §4, §17)"],"fullName":"API — caregiver job discovery (V4 §23, V5 §4, §17) scores a pair identically from both directions (V5 §1)","status":"failed","title":"scores a pair identically from both directions (V5 §1)","duration":9.264999999984866,"failureMessages":["TypeError: fetch failed"],"meta":{}},{"ancestorTitles":["API — care plan gate (V4 §25)"],"fullName":"API — care plan gate (V4 §25) blocks a job request until a care plan is confirmed, with the specified message","status":"failed","title":"blocks a job request until a care plan is confirmed, with the specified message","duration":7.204800000006799,"failureMessages":["TypeError: fetch failed"],"meta":{}},{"ancestorTitles":["API — care plan gate (V4 §25)"],"fullName":"API — care plan gate (V4 §25) a DRAFT plan does not open the gate; only CONFIRMED does","status":"failed","title":"a DRAFT plan does not open the gate; only CONFIRMED does","duration":8.839599999977509,"failureMessages":["TypeError: fetch failed"],"meta":{}},{"ancestorTitles":["API — chat gate (V4 §24)"],"fullName":"API — chat gate (V4 §24) a thread cannot be posted to before a mutual match","status":"failed","title":"a thread cannot be posted to before a mutual match","duration":20.40439999999944,"failureMessages":["TypeError: fetch failed"],"meta":{}},{"ancestorTitles":["API — trust (V4 §34, V6 F01/F02)"],"fullName":"API — trust (V4 §34, V6 F01/F02) an unconfirmed incident leaves the score untouched","status":"failed","title":"an unconfirmed incident leaves the score untouched","duration":20.316800000000512,"failureMessages":["TypeError: fetch failed"],"meta":{}},{"ancestorTitles":["API — trust (V4 §34, V6 F01/F02)"],"fullName":"API — trust (V4 §34, V6 F01/F02) confirming an incident against the caregiver does lower the score","status":"failed","title":"confirming an incident against the caregiver does lower the score","duration":73.55650000000605,"failureMessages":["TypeError: fetch failed"],"meta":{}},{"ancestorTitles":["API — trust (V4 §34, V6 F01/F02)"],"fullName":"API — trust (V4 §34, V6 F01/F02) confirming an incident that is not the caregiver's fault does not","status":"failed","title":"confirming an incident that is not the caregiver's fault does not","duration":26.04800000000978,"failureMessages":["TypeError: fetch failed"],"meta":{}},{"ancestorTitles":["API — AI routes degrade honestly when the model is unavailable (V4 §52)"],"fullName":"API — AI routes degrade honestly when the model is unavailable (V4 §52) never reports success for a call it could not make","status":"failed","title":"never reports success for a call it could not make","duration":21.73180000000866,"failureMessages":["TypeError: fetch failed"],"meta":{}},{"ancestorTitles":["E2E — family-initiated journey (V5 §15, 30 steps)"],"fullName":"E2E — family-initiated journey (V5 §15, 30 steps) runs matching → mutual match → plan gate → request → accept → chat → service → report → review → trust","status":"failed","title":"runs matching → mutual match → plan gate → request → accept → chat → service → report → review → trust","duration":6.095200000010664,"failureMessages":["TypeError: fetch failed"],"meta":{}},{"ancestorTitles":["E2E — caregiver-initiated journey (V5 §16)"],"fullName":"E2E — caregiver-initiated journey (V5 §16) caregiver discovers an open job, family reciprocates, mutual match follows","status":"failed","title":"caregiver discovers an open job, family reciprocates, mutual match follows","duration":3.4961999999941327,"failureMessages":["TypeError: fetch failed"],"meta":{}},{"ancestorTitles":["E2E — exceptional far match requires consent on both sides (V5 §23, §26)"],"fullName":"E2E — exceptional far match requires consent on both sides (V5 §23, §26) a far caregiver must accept the distance before the match is valid","status":"failed","title":"a far caregiver must accept the distance before the match is valid","duration":3.2820000000065193,"failureMessages":["TypeError: fetch failed"],"meta":{}},{"ancestorTitles":["E2E — exceptional far match requires consent on both sides (V5 §23, §26)"],"fullName":"E2E — exceptional far match requires consent on both sides (V5 §23, §26) accommodation must be agreed before an exceptional booking completes (V5 §26 case 8)","status":"failed","title":"accommodation must be agreed before an exceptional booking completes (V5 §26 case 8)","duration":2.1213999999745283,"failureMessages":["TypeError: fetch failed"],"meta":{}},{"ancestorTitles":["E2E — monitoring rules are deterministic and AI-free (V4 §31, §44)"],"fullName":"E2E — monitoring rules are deterministic and AI-free (V4 §31, §44) SOS escalates straight to HIGH_RISK","status":"failed","title":"SOS escalates straight to HIGH_RISK","duration":3.289600000018254,"failureMessages":["TypeError: fetch failed"],"meta":{}},{"ancestorTitles":["E2E — monitoring rules are deterministic and AI-free (V4 §31, §44)"],"fullName":"E2E — monitoring rules are deterministic and AI-free (V4 §31, §44) an unexpected geofence exit raises VERIFY, a planned one does not","status":"failed","title":"an unexpected geofence exit raises VERIFY, a planned one does not","duration":10.227900000027148,"failureMessages":["TypeError: fetch failed"],"meta":{}},{"ancestorTitles":["E2E — monitoring rules are deterministic and AI-free (V4 §31, §44)"],"fullName":"E2E — monitoring rules are deterministic and AI-free (V4 §31, §44) a low-accuracy GPS fix never escalates on its own","status":"failed","title":"a low-accuracy GPS fix never escalates on its own","duration":8.895500000013271,"failureMessages":["TypeError: fetch failed"],"meta":{}},{"ancestorTitles":["E2E — monitoring rules are deterministic and AI-free (V4 §31, §44)"],"fullName":"E2E — monitoring rules are deterministic and AI-free (V4 §31, §44) a duplicate event is rejected by its dedupe key","status":"failed","title":"a duplicate event is rejected by its dedupe key","duration":14.669200000003912,"failureMessages":["TypeError: fetch failed"],"meta":{}},{"ancestorTitles":["E2E — monitoring rules are deterministic and AI-free (V4 §31, §44)"],"fullName":"E2E — monitoring rules are deterministic and AI-free (V4 §31, §44) an out-of-order event cannot pull the state back down","status":"failed","title":"an out-of-order event cannot pull the state back down","duration":4.0429000000003725,"failureMessages":["TypeError: fetch failed"],"meta":{}},{"ancestorTitles":["E2E — monitoring rules are deterministic and AI-free (V4 §31, §44)"],"fullName":"E2E — monitoring rules are deterministic and AI-free (V4 §31, §44) the timeline records every transition with its rule version","status":"failed","title":"the timeline records every transition with its rule version","duration":4.242499999993015,"failureMessages":["TypeError: fetch failed"],"meta":{}}],"startTime":1787982023807,"endTime":1787982281982.2424,"status":"failed","message":"","name":"D:/T-Ai/AiMatching/backend/tests/api.e2e.test.js"}]}